SSH@BOYO-A05-AS-22# show version

Brocade Communications Systems, Inc.
Stackable FCX648S-HPOE-PREM Management Module
SW: Version 07.3.00b1T7f1
Boot-Monitor: Version 05.1.0
HW: Stackable FCX648S-HPOE-PREM
Uptime is 18 day(s) 7 hour(s) 45 minute(s) 12 second(s)

SSH@BOYO-A05-AS-22# show config
!
vlan 10 name Users by port
vlan 20 name Printers by port
vlan 30 name Cameras by port
vlan 100 name Uplink by port
!
hostname BOYO-A05-AS-22
 snmp-server location Bldg_5_Floor_2_Room_204
!
Authentication
 auth-default-vlan 20
 re-authentication
 dot1x enable
 dot1x enable ethe 1/1/1 to 1/1/10
 dot1x port-control auto ethe 1/1/3 ethe 1/1/4 ethe 1/1/5
 mac-authentication enable
 mac-authentication enable ethe 1/1/5 to 1/1/10
 mac-authentication dot1x override
!
interface ethernet 1/1/1
 port-name Uplink1
 exit
interface ethernet 1/1/2
 port-name Uplink2
 exit
interface ethernet 1/1/3
 port-name UserPC3
 authentication auth-default-vlan 20
 exit
interface ethernet 1/1/4
 port-name UserPC4
 authentication auth-default-vlan 20
 exit
interface ethernet 1/1/5
 port-name UserPC5
 authentication auth-default-vlan 20
 mac-authentication enable
 exit
interface ethernet 1/1/6
 port-name Printer6
 mac-authentication enable
 exit
interface ethernet 1/1/7
 port-name Printer7
 mac-authentication enable
 exit
interface ethernet 1/1/8
 port-name Camera8
 mac-authentication enable
 exit
interface ethernet 1/1/9
 port-name Camera9
 mac-authentication enable
 exit
interface ethernet 1/1/10
 port-name Camera10
 mac-authentication enable
 exit
!
! end of configuration

SSH@BOYO-A05-AS-22# show interfaces brief
Port       Link    State    Dupl Speed Trunk   Tag Pvid Pri MAC            Name
1/1/1      Up      Forward  Full  1G    None   Yes 10   0   0011.2233.0001  Users1
1/1/2      Disable None     None  None  None   Yes 10   0   0011.2233.0002  Users2
1/1/3      Up      Forward  Full  1G    None   Yes 10   0   0011.2233.0003  Users3
1/1/4      Down    None     Full  1G    None   Yes 10   0   0011.2233.0004  Users4
1/1/5      Up      Forward  Full  1G    None   Yes 10   0   0011.2233.0005  Users5
1/1/6      Down    None     Full  1G    None   Yes 10   0   0011.2233.0006  Users6
1/1/7      Up      Forward  Full  1G    None   Yes 10   0   0011.2233.0007  Users7
1/1/8      Down    None     Full  1G    None   Yes 10   0   0011.2233.0008  Users8
1/1/9      Up      Forward  Full  1G    None   Yes 10   0   0011.2233.0009  Users9
1/1/10     Down    None     Full  1G    None   Yes 10   0   0011.2233.000a  Users10

SSH@BOYO-A05-AS-22# show mac-address
Mac Address Table
VLAN    MAC Address      Port     Type
10      00aa.bbcc.0003   1/1/3   dynamic
10      00aa.bbcc.0004   1/1/4   dynamic
20      00aa.bbcc.0005   1/1/5   dynamic
20      00aa.bbcc.0006   1/1/6   dynamic
20      00aa.bbcc.0007   1/1/7   dynamic
30      00aa.bbcc.0008   1/1/8   dynamic
30      00aa.bbcc.0009   1/1/9   dynamic
30      00aa.bbcc.0010   1/1/10  dynamic

SSH@BOYO-A05-AS-22# show span
Vlan Root		Root Root	Prio Max He- ho- Fwd Last     Chg Bridge
 ID   ID		Cost Port	rity Age llo ld  dly Chang    cnt Address
					Hex  sec sec sec sec sec      
 10  10d244d1dee655cd 20000 1/1/48	8000 20  2   1   15   22190   3   80002222bbbbcccc

Port STP Parameters:

Port	  Prio Path	  State		Fwd    Design  Designated	Designated
Num	  rity Cost			Trans  Cost    Root		Bridge
	  Hex
1/1/1	  80   2	  FORWARDING	2	2      10d244d1dee655cd 80002222bbbbcccc
1/1/3	  80   2	  FORWARDING	2	2      10d244d1dee655cd 80002222bbbbcccc
1/1/5	  80   2	  FORWARDING	2	2      10d244d1dee655cd 80002222bbbbcccc
1/1/7	  80   2	  FORWARDING	2	2      10d244d1dee655cd 80002222bbbbcccc
1/1/9	  80   2	  FORWARDING	2	2      10d244d1dee655cd 80002222bbbbcccc
1/1/48	  80   2	  FORWARDING	4	2      10d244d1dee655cd 80002222bbbbcccc
SSH@BOYO-A05-AS-22# show dot1x mac-sessions

Port    MAC/IP(username)		  VLAN Auth     ACL    Age   PAE
				       State		     State
1/1/3    00aa.bbcc.0003  :host/UserPC3  20    permit   none   Ena   AUTHENTICATED
1/1/4    00aa.bbcc.0004  :host/UserPC4  20    permit   none   Ena   AUTHENTICATED
1/1/5    00aa.bbcc.0005  :host/UserPC5  20    permit   none   Ena   AUTHENTICATING

SSH@BOYO-A05-AS-22# show auth-mac-addresses authorized-mac
---------------------------------------------------------------------------------------
Mac Addresses      Port       Vlan Authenticated Time     Age   dot1x
---------------------------------------------------------------------------------------
00aa.bbcc.0006      1/1/6       20   Yes  Dec 15 10:15:23 Ena	Dis
00aa.bbcc.0007      1/1/7       20   Yes  Dec 15 10:15:23 Ena	Dis
00aa.bbcc.0008      1/1/8       30   Yes  Dec 15 10:15:23 Ena	Dis

SSH@BOYO-A05-AS-22# show auth-mac-addresses unauthorized-mac
---------------------------------------------------------------------------------------
Mac Addresses      Port       Vlan Authenticated Time     Age   dot1x
---------------------------------------------------------------------------------------
00aa.bbcc.0003      1/1/3       20   No   Dec 15 10:15:23 Ena	Ena
00aa.bbcc.0004      1/1/4       20   No   Dec 15 10:15:23 Ena	Ena
00aa.bbcc.0005      1/1/5       20   No   Dec 15 10:15:23 Ena	Ena

