brocade

WLLS-A01-AS-01# show version
Cisco IOS XE Software, Version 17.03.03
Cisco IOS Software [Everest], C9300 Software (C9300-UNIVERSALK9-M), Version 17.3.3, RELEASE SOFTWARE (fc3)
Compiled Mon 15-Mar-21 13:21 by mcpre

ROM: IOS-XE ROMMON

WLLS-A01-AS-01 uptime is 2 weeks, 4 days, 6 hours, 18 minutes
Uptime for this control processor is 2 weeks, 4 days, 6 hours, 19 minutes
System image file is "flash:packages.conf"
Last reload reason: PowerOn

Switch Ports Model              SW Version        SW Image              Mode
------ ----- -----              ----------        ----------            ----
*    1 48    C9300-48P          17.03.03          CAT9K_IOSXE           INSTALL

Model Number : C9300-48P
System serial number : FCW2142L0PG

WLLS-A01-AS-01# show running-config
hostname WLLS-A01-AS-01
snmp-server location Bldg_21_Floor_2_Room_101_Row_1_Rack_1
!
ip access-list extended ACL-USER
 permit ip any any
!
interface GigabitEthernet1/0/1
 description Users1
 switchport access vlan 10
 spanning-tree portfast
 authentication event fail action next-method
 authentication order mab dot1x
 authentication priority dot1x mab
 authentication port-control auto
 mab
 dot1x pae authenticator
 dot1x timeout quiet-period 90
 dot1x timeout tx-period 5
!
interface GigabitEthernet1/0/2
 description Users2
 switchport access vlan 10
 spanning-tree portfast
 authentication event fail action next-method
 authentication order mab dot1x
 authentication priority dot1x mab
 authentication port-control auto
 mab
 dot1x pae authenticator
 dot1x timeout quiet-period 90
 dot1x timeout tx-period 5
!
interface GigabitEthernet1/0/3
 description Users3
 switchport access vlan 10
 spanning-tree portfast
 authentication event fail action next-method
 authentication order mab dot1x
 authentication priority dot1x mab
 authentication port-control auto
 mab
 dot1x pae authenticator
 dot1x timeout quiet-period 90
 dot1x timeout tx-period 5
 shutdown

!
interface GigabitEthernet1/0/4
 description Users4
 switchport access vlan 10
 spanning-tree portfast
 authentication event fail action next-method
 authentication order mab dot1x
 authentication priority dot1x mab
 authentication port-control auto
 mab
 dot1x pae authenticator
 dot1x timeout quiet-period 90
 dot1x timeout tx-period 5
!
interface GigabitEthernet1/0/5
 description Users5
 switchport access vlan 10
 spanning-tree portfast
 authentication event fail action next-method
 authentication order mab dot1x
 authentication priority dot1x mab
 authentication port-control auto
 mab
 dot1x pae authenticator
 dot1x timeout quiet-period 90
 dot1x timeout tx-period 5
!
interface GigabitEthernet1/0/6
 description Users6
 switchport access vlan 10
 spanning-tree portfast
 authentication event fail action next-method
 authentication order mab dot1x
 authentication priority dot1x mab
 authentication port-control auto
 mab
 dot1x pae authenticator
 dot1x timeout quiet-period 90
 dot1x timeout tx-period 5
!
interface GigabitEthernet1/0/7
 description Users7
 switchport access vlan 10
 spanning-tree portfast
 authentication event fail action next-method
 authentication order mab dot1x
 authentication priority dot1x mab
 authentication port-control auto
 mab
 dot1x pae authenticator
 dot1x timeout quiet-period 90
 dot1x timeout tx-period 5
!
interface GigabitEthernet1/0/8
 description Users8
 switchport access vlan 10
 spanning-tree portfast
 authentication event fail action next-method
 authentication order mab dot1x
 authentication priority dot1x mab
 authentication port-control auto
 mab
 dot1x pae authenticator
 dot1x timeout quiet-period 90
 dot1x timeout tx-period 5
!
interface GigabitEthernet1/0/9
 description Users9
 switchport access vlan 10
 spanning-tree portfast
 authentication event fail action next-method
 authentication order mab dot1x
 authentication priority dot1x mab
 authentication port-control auto
 mab
 dot1x pae authenticator
 dot1x timeout quiet-period 90
 dot1x timeout tx-period 5
!
interface GigabitEthernet1/0/10
 description Users10
 switchport access vlan 10
 spanning-tree portfast
 authentication event fail action next-method
 authentication order mab dot1x
 authentication priority dot1x mab
 authentication port-control auto
 mab
 dot1x pae authenticator
 dot1x timeout quiet-period 90
 dot1x timeout tx-period 5
!
interface GigabitEthernet1/0/11
 description Users11
 switchport access vlan 10
 spanning-tree portfast
 authentication event fail action next-method
 authentication order mab dot1x
 authentication priority dot1x mab
 authentication port-control auto
 mab
 dot1x pae authenticator
 dot1x timeout quiet-period 90
 dot1x timeout tx-period 5
!
interface GigabitEthernet1/0/12
 description Users12
 switchport access vlan 10
 spanning-tree portfast
 authentication event fail action next-method
 authentication order mab dot1x
 authentication priority dot1x mab
 authentication port-control auto
 mab
 dot1x pae authenticator
 dot1x timeout quiet-period 90
 dot1x timeout tx-period 5
!
interface GigabitEthernet1/0/13
 description Users13
 switchport access vlan 10
 spanning-tree portfast
 authentication event fail action next-method
 authentication order mab dot1x
 authentication priority dot1x mab
 authentication port-control auto
 mab
 dot1x pae authenticator
 dot1x timeout quiet-period 90
 dot1x timeout tx-period 5
!
interface GigabitEthernet1/0/14
 description Users14
 switchport access vlan 10
 spanning-tree portfast
 authentication event fail action next-method
 authentication order mab dot1x
 authentication priority dot1x mab
 authentication port-control auto
 mab
 dot1x pae authenticator
 dot1x timeout quiet-period 90
 dot1x timeout tx-period 5
!
interface GigabitEthernet1/0/15
 description Users15
 switchport access vlan 10
 spanning-tree portfast
 authentication event fail action next-method
 authentication order mab dot1x
 authentication priority dot1x mab
 authentication port-control auto
 mab
 dot1x pae authenticator
 dot1x timeout quiet-period 90
 dot1x timeout tx-period 5
!
interface GigabitEthernet1/0/16
 description Users16
 switchport access vlan 10
 spanning-tree portfast
 authentication event fail action next-method
 authentication order mab dot1x
 authentication priority dot1x mab
 authentication port-control auto
 mab
 dot1x pae authenticator
 dot1x timeout quiet-period 90
 dot1x timeout tx-period 5
!
interface GigabitEthernet1/0/17
 description Users17
 switchport access vlan 10
 spanning-tree portfast
 authentication event fail action next-method
 authentication order mab dot1x
 authentication priority dot1x mab
 authentication port-control auto
 mab
 dot1x pae authenticator
 dot1x timeout quiet-period 90
 dot1x timeout tx-period 5
!
interface GigabitEthernet1/0/18
 description Users18
 switchport access vlan 10
 spanning-tree portfast
 authentication event fail action next-method
 authentication order mab dot1x
 authentication priority dot1x mab
 authentication port-control auto
 mab
 dot1x pae authenticator
 dot1x timeout quiet-period 90
 dot1x timeout tx-period 5
!
interface GigabitEthernet1/0/19
 description Users19
 switchport access vlan 10
 spanning-tree portfast
 authentication event fail action next-method
 authentication order mab dot1x
 authentication priority dot1x mab
 authentication port-control auto
 mab
 dot1x pae authenticator
 dot1x timeout quiet-period 90
 dot1x timeout tx-period 5
!
interface GigabitEthernet1/0/20
 description Users20
 switchport access vlan 10
 spanning-tree portfast
 authentication event fail action next-method
 authentication order mab dot1x
 authentication priority dot1x mab
 authentication port-control auto
 mab
 dot1x pae authenticator
 dot1x timeout quiet-period 90
 dot1x timeout tx-period 5
!
interface GigabitEthernet1/0/21
 description Users21
 switchport access vlan 10
 spanning-tree portfast
 authentication event fail action next-method
 authentication order mab dot1x
 authentication priority dot1x mab
 authentication port-control auto
 mab
 dot1x pae authenticator
 dot1x timeout quiet-period 90
 dot1x timeout tx-period 5
!
interface GigabitEthernet1/0/22
 description Users22
 switchport access vlan 10
 spanning-tree portfast
 authentication event fail action next-method
 authentication order mab dot1x
 authentication priority dot1x mab
 authentication port-control auto
 mab
 dot1x pae authenticator
 dot1x timeout quiet-period 90
 dot1x timeout tx-period 5
!
interface GigabitEthernet1/0/23
 description Users23
 switchport access vlan 10
 spanning-tree portfast
 authentication event fail action next-method
 authentication order mab dot1x
 authentication priority dot1x mab
 authentication port-control auto
 mab
 dot1x pae authenticator
 dot1x timeout quiet-period 90
 dot1x timeout tx-period 5
!
interface GigabitEthernet1/0/24
 description Users24
 switchport access vlan 10
 spanning-tree portfast
 authentication event fail action next-method
 authentication order mab dot1x
 authentication priority dot1x mab
 authentication port-control auto
 mab
 dot1x pae authenticator
 dot1x timeout quiet-period 90
 dot1x timeout tx-period 5
!
interface GigabitEthernet1/0/25
 description Phone25
 switchport access vlan 20
 spanning-tree portfast
 authentication event fail action next-method
 authentication order mab dot1x
 authentication priority dot1x mab
 authentication port-control auto
 mab
 dot1x pae authenticator
 switchport voice vlan 100
!
interface GigabitEthernet1/0/26
 description Phone26
 switchport access vlan 20
 spanning-tree portfast
 authentication event fail action next-method
 authentication order mab dot1x
 authentication priority dot1x mab
 authentication port-control auto
 mab
 dot1x pae authenticator
 switchport voice vlan 100
!
interface GigabitEthernet1/0/27
 description Phone27
 switchport access vlan 20
 spanning-tree portfast
 authentication event fail action next-method
 authentication order mab dot1x
 authentication priority dot1x mab
 authentication port-control auto
 mab
 dot1x pae authenticator
 switchport voice vlan 100
!
interface GigabitEthernet1/0/28
 description Phone28
 switchport access vlan 20
 spanning-tree portfast
 authentication event fail action next-method
 authentication order mab dot1x
 authentication priority dot1x mab
 authentication port-control auto
 mab
 dot1x pae authenticator
 switchport voice vlan 100
 shutdown
!
interface GigabitEthernet1/0/29
 description P-ho---ne29-019D1
 switchport access vlan 20
 spanning-tree portfast
 authentication event fail action next-method
 authentication order mab dot1x
 authentication priority dot1x mab
 authentication port-control auto
 mab
 dot1x pae authenticator
 switchport voice vlan 100
!
interface GigabitEthernet1/0/30
 description Phone30
 switchport access vlan 20
 spanning-tree portfast
 authentication event fail action next-method
 authentication order mab dot1x
 authentication priority dot1x mab
 authentication port-control auto
 mab
 dot1x pae authenticator
 switchport voice vlan 100
!
interface GigabitEthernet1/0/31
 description Phone31
 switchport access vlan 20
 spanning-tree portfast
 authentication event fail action next-method
 authentication order mab dot1x
 authentication priority dot1x mab
 authentication port-control auto
 mab
 dot1x pae authenticator
 switchport voice vlan 100
!
interface GigabitEthernet1/0/32
 description Phone32
 switchport access vlan 20
 spanning-tree portfast
 authentication event fail action next-method
 authentication order mab dot1x
 authentication priority dot1x mab
 authentication port-control auto
 mab
 dot1x pae authenticator
 switchport voice vlan 100
!
interface GigabitEthernet1/0/33
 description Phone33
 switchport access vlan 20
 spanning-tree portfast
 authentication event fail action next-method
 authentication order mab dot1x
 authentication priority dot1x mab
 authentication port-control auto
 mab
 dot1x pae authenticator
 switchport voice vlan 100
!
interface GigabitEthernet1/0/34
 description Phone34
 switchport access vlan 20
 spanning-tree portfast
 authentication event fail action next-method
 authentication order mab dot1x
 authentication priority dot1x mab
 authentication port-control auto
 mab
 dot1x pae authenticator
 switchport voice vlan 100
!
interface GigabitEthernet1/0/35
 description Phone35
 switchport access vlan 20
 spanning-tree portfast
 authentication event fail action next-method
 authentication order mab dot1x
 authentication priority dot1x mab
 authentication port-control auto
 mab
 dot1x pae authenticator
 switchport voice vlan 100
!
interface GigabitEthernet1/0/36
 description Phone36
 switchport access vlan 20
 spanning-tree portfast
 authentication event fail action next-method
 authentication order mab dot1x
 authentication priority dot1x mab
 authentication port-control auto
 mab
 dot1x pae authenticator
 switchport voice vlan 100
!
interface GigabitEthernet1/0/37
 description Phone37
 switchport access vlan 20
 spanning-tree portfast
 authentication event fail action next-method
 authentication order mab dot1x
 authentication priority dot1x mab
 authentication port-control auto
 mab
 dot1x pae authenticator
 switchport voice vlan 100
!
interface GigabitEthernet1/0/38
 description Phone38
 switchport access vlan 20
 spanning-tree portfast
 authentication event fail action next-method
 authentication order mab dot1x
 authentication priority dot1x mab
 authentication port-control auto
 mab
 dot1x pae authenticator
 switchport voice vlan 100
!
interface GigabitEthernet1/0/39
 description Phone39
 switchport access vlan 20
 spanning-tree portfast
 authentication event fail action next-method
 authentication order mab dot1x
 authentication priority dot1x mab
 authentication port-control auto
 mab
 dot1x pae authenticator
 switchport voice vlan 100
!
interface GigabitEthernet1/0/40
 description Phone40
 switchport access vlan 20
 spanning-tree portfast
 authentication event fail action next-method
 authentication order mab dot1x
 authentication priority dot1x mab
 authentication port-control auto
 mab
 dot1x pae authenticator
 switchport voice vlan 100
!
interface GigabitEthernet1/0/41
 description Guest41
 switchport access vlan 30
 spanning-tree portfast
 authentication order mab dot1x
 mab
!
interface GigabitEthernet1/0/42
 description Guest42
 switchport access vlan 30
 spanning-tree portfast
 authentication order mab dot1x
 mab
!
interface GigabitEthernet1/0/43
 description Guest43
 switchport access vlan 30
 spanning-tree portfast
 authentication order mab dot1x
 mab
!
interface GigabitEthernet1/0/44
 description Guest44
 switchport access vlan 30
 spanning-tree portfast
 authentication order mab dot1x
 mab
 shutdown

!
interface GigabitEthernet1/0/45
 description Guest45
 switchport access vlan 30
 spanning-tree portfast
 authentication order mab dot1x
 mab
!
interface GigabitEthernet1/0/46
 description Guest46
 switchport access vlan 30
 spanning-tree portfast
 authentication order mab dot1x
 mab
!
interface GigabitEthernet1/0/47
 description Uplink47
 spanning-tree portfast trunk
 switchport trunk allowed vlan 100,200
 switchport mode trunk
!
interface GigabitEthernet1/0/48
 description Uplink48
 spanning-tree portfast trunk
 switchport trunk allowed vlan 100,200
 switchport mode trunk
!
!
end
WLLS-A01-AS-01# show interface status
Port      Name               Status       Vlan       Duplex  Speed Type
Gi1/0/1    <== Disabled ==>  connected    10         a-full  a-100  10/100/1000BaseTX
Gi1/0/2    Users2            connected    10         auto    a-100  10/100/1000BaseTX
Gi1/0/3    Users3            disabled     10         a-full  a-1000 10/100/1000BaseTX
Gi1/0/4    Users4            connected    10         auto    a-100  10/100/1000BaseTX
Gi1/0/5    Users5            connected    10         a-full  a-100  10/100/1000BaseTX
Gi1/0/6    Users6            connected    10         auto    a-1000 10/100/1000BaseTX
Gi1/0/7    Users7            connected    10         a-full  a-100  10/100/1000BaseTX
Gi1/0/8    Users8            notconnect   10         auto    a-100  10/100/1000BaseTX
Gi1/0/9    Users9            connected    10         a-full  a-1000 10/100/1000BaseTX
Gi1/0/10   Users10 10 30     err-disabled 10         auto    a-100  10/100/1000BaseTX
Gi1/0/11   Users11           connected    10         a-full  a-100  10/100/1000BaseTX
Gi1/0/12   Users12           connected    10         auto    a-1000 10/100/1000BaseTX
Gi1/0/13   Users13           notconnect   10         a-full  a-100  10/100/1000BaseTX
Gi1/0/14   Users14           connected    10         auto    a-100  10/100/1000BaseTX
Gi1/0/15   Users15           connected    10         a-full  a-1000 10/100/1000BaseTX
Gi1/0/16   Users16           connected    10         auto    a-100  10/100/1000BaseTX
Gi1/0/17   Users17           connected    10         a-full  a-100  10/100/1000BaseTX
Gi1/0/18   Users18           notconnect   10         auto    a-1000 10/100/1000BaseTX
Gi1/0/19   Users19           connected    10         a-full  a-100  10/100/1000BaseTX
Gi1/0/20   Users20           err-disabled 10         auto    a-100  10/100/1000BaseTX
Gi1/0/21   Users21           connected    10         a-full  a-1000 10/100/1000BaseTX
Gi1/0/22   Users22           connected    10         auto    a-100  10/100/1000BaseTX
Gi1/0/23   Users23           notconnect   10         a-full  a-100  10/100/1000BaseTX
Gi1/0/24   Users24           connected    10         auto    a-1000 10/100/1000BaseTX
Gi1/0/25   Phone25           connected    20         a-full  a-100  10/100/1000BaseTX
Gi1/0/26   Phone26           connected    20         auto    a-100  10/100/1000BaseTX
Gi1/0/27   Phone27           connected    20         a-full  a-1000 10/100/1000BaseTX
Gi1/0/28   Phone28           disabled     20         auto    a-100  10/100/1000BaseTX
Gi1/0/29   P-ho---ne29-019D1 connected    20         a-full  a-100  10/100/1000BaseTX
Gi1/0/30   Phone30           err-disabled 20         auto    a-1000 10/100/1000BaseTX
Gi1/0/31   Phone31           connected    20         a-full  a-100  10/100/1000BaseTX
Gi1/0/32   Phone32           connected    20         auto    a-100  10/100/1000BaseTX
Gi1/0/33   Phone33           notconnect   20         a-full  a-1000 10/100/1000BaseTX
Gi1/0/34   Phone34           connected    20         auto    a-100  10/100/1000BaseTX
Gi1/0/35   Phone35           connected    20         a-full  a-100  10/100/1000BaseTX
Gi1/0/36   Phone36           connected    20         auto    a-1000 10/100/1000BaseTX
Gi1/0/37   Phone37           connected    20         a-full  a-100  10/100/1000BaseTX
Gi1/0/38   Phone38           notconnect   20         auto    a-100  10/100/1000BaseTX
Gi1/0/39   Phone39           connected    20         a-full  a-1000 10/100/1000BaseTX
Gi1/0/40   Phone40           err-disabled 20         auto    a-100  10/100/1000BaseTX
Gi1/0/41   Guest41           connected    30         a-full  a-100  10/100/1000BaseTX
Gi1/0/42   Guest42           connected    30         auto    a-1000 10/100/1000BaseTX
Gi1/0/43   Guest43           notconnect   30         a-full  a-100  10/100/1000BaseTX
Gi1/0/44   Guest44           disabled     30         auto    a-100  10/100/1000BaseTX
Gi1/0/45   Guest45           connected    30         a-full  a-1000 10/100/1000BaseTX
Gi1/0/46   Guest46           connected    30         auto    a-100  10/100/1000BaseTX
Gi1/0/47   Uplink47          connected    trunk      a-full  a-100  10GBaseSX
Gi1/0/48   Uplink48          notconnect   trunk      auto    a-1000 10GBaseSX

WLLS-A01-AS-01# show mac address-table
Unicast Entries
 vlan    mac address       type       protocols   		port
--------+-----------------+--------+------------------------+---------------
 10      001c.58af.0000    DYNAMIC     ip,ipx,assigned,other GigabitEthernet1/0/1
 10      001c.58af.0000    DYNAMIC     Gi1/0/20
 10      001c.58af.0000    DYNAMIC     Gi1/0/22
 10      001c.58af.0000    DYNAMIC     Gi1/0/21
 10      001c.58af.0001    DYNAMIC     Gi1/0/2
 10      001c.58af.0002    DYNAMIC     Gi1/0/3
 10      001c.58af.0003    DYNAMIC     Gi1/0/4
 10      001c.58af.0004    DYNAMIC     Gi1/0/5
 10      001c.58af.0005    DYNAMIC     Gi1/0/6
 10      001c.58af.0006    DYNAMIC     Gi1/0/7
 10      001c.58af.0007    DYNAMIC     Gi1/0/8
 20      001c.58af.0008    DYNAMIC     Gi1/0/19
 20      001c.58af.0009    DYNAMIC     Gi1/0/2
 20      001c.58af.000a    DYNAMIC     Gi1/0/3
 20      001c.58af.000b    DYNAMIC     Gi1/0/4
 20      001c.58af.000c    DYNAMIC     Gi1/0/5
 20      001c.58af.000d    DYNAMIC     Gi1/0/6
 20      001c.58af.000e    DYNAMIC     Gi1/0/7
 20      001c.58af.000f    DYNAMIC     Gi1/0/8
 30      001c.58af.0010    DYNAMIC     Gi1/0/18
 30      001c.58af.0011    DYNAMIC     Gi1/0/2
 30      001c.58af.0012    DYNAMIC     Gi1/0/3
 30      001c.58af.0013    DYNAMIC     Gi1/0/4
 30      001c.58af.0014    DYNAMIC     Gi1/0/5
 30      001c.58af.0015    DYNAMIC     Gi1/0/6
 30      001c.58af.0016    DYNAMIC     Gi1/0/7
 30      001c.58af.0017    DYNAMIC     Gi1/0/8
 100    0000.0c07.ac01    STATIC      Gi1/0/47
 100    0000.0c07.ac02    STATIC      Gi1/0/48

WLLS-A01-AS-01# show authentication session
Interface               MAC Address     Method   Domain   Status         Session ID
-----------------------------------------------------------------------------------------
Gi1/0/1                 001c.58af.0000  N/A      Unknown  Unauth	  0A1111111111
Gi1/0/2                 001c.58af.0001  mab      DATA     Auth	          0A2222222222
Gi1/0/3                 001c.58af.0002  disabled DATA     Unauth          0A3333333333
Gi1/0/5                 001c.58af.0003  dot1x    DATA     Unauth          0A4444444444

WLLS-A01-AS-01# show ip interface brief
Interface              IP-Address      OK? Method Status                Protocol
Vlan1                  unassigned      YES unset  administratively down down
GigabitEthernet1/0/1  unassigned      YES unset  up                    up
GigabitEthernet1/0/2  unassigned      YES unset  up                    up
GigabitEthernet1/0/3  unassigned      YES unset  up                    up
GigabitEthernet1/0/4  unassigned      YES unset  up                    up
GigabitEthernet1/0/5  unassigned      YES unset  up                    up
GigabitEthernet1/0/6  unassigned      YES unset  up                    up
GigabitEthernet1/0/7  unassigned      YES unset  up                    up
GigabitEthernet1/0/8  unassigned      YES unset  up                    upGigabitEthernet1/0/3   unassigned      YES unset  administratively down down
GigabitEthernet1/0/28  unassigned      YES unset  administratively down down
GigabitEthernet1/0/44  unassigned      YES unset  administratively down down


WLLS-A01-AS-01# show access-lists
Extended IP access list ACL-USER
    permit ip any any (hitcnt=0)

WLLS-A01-AS-01#
WLLS-A01-AS-01# show spanning-tree

VLAN0010
  Spanning tree enabled protocol rstp
  Root ID    Priority    32769
             Address     5254.001b.1c58
             Cost        4
             Port        48 (GigabitEthernet1/0/48)
             Hello Time 2 sec  Max Age 20 sec  Forward Delay 15 sec

  Bridge ID  Priority    32769 (priority 32768 sys-id-ext 1)
             Address     5254.001b.2c40
             Hello Time 2 sec  Max Age 20 sec  Forward Delay 15 sec
             Aging Time  300 sec

Interface           Role Sts Cost      Prio.Nbr Type
------------------- ---- --- --------- -------- ------------------------
Gi1/0/1             Desg FWD 4         128.1    P2p Edge
Gi1/0/9             Desg FWD 4         128.9    P2p Edge
Gi1/0/15            Desg FWD 4         128.15   P2p Edge
Gi1/0/24            Altn BLK 4         128.24   P2p
Gi1/0/48            Root FWD 4         128.48   P2p Uplink

VLAN0030
  Spanning tree enabled protocol rstp
  Root ID    Priority    32789
             Address     5254.001b.1c58
             Cost        4
             Port        48 (GigabitEthernet1/0/48)
             Hello Time 2 sec  Max Age 20 sec  Forward Delay 15 sec

  Bridge ID  Priority    32789 (priority 32768 sys-id-ext 30)
             Address     5254.001b.2c40
             Hello Time 2 sec  Max Age 20 sec  Forward Delay 15 sec
             Aging Time  300 sec

Interface           Role Sts Cost      Prio.Nbr Type
------------------- ---- --- --------- -------- ------------------------
Gi1/0/30            Desg FWD 4         128.30   P2p Edge
Gi1/0/31            Desg FWD 4         128.31   P2p Edge
Gi1/0/36            Altn BLK 4         128.36   P2p
Gi1/0/48            Root FWD 4         128.48   P2p Uplink
WLLS-A01-AS-01# show lldp neighbors
Device ID        Local Intf  Hold-time Capability  Port ID
core-sw          Gi1/0/48    120       B           Gi1/0/1
WLLS-A01-AS-01# show cdp neighbors
Device ID        Local Intrfce     Holdtme Capability Platform Port ID
core-sw          Gig1/0/48         153     S I       C9500    Gig1/0/1

brocade
