--- StateTrace diagnostic log ---
[2025-09-15 09:36:38.422] Logging to: C:\Users\Werem\OneDrive\Documents\StateTrace\Logs\StateTrace_Debug_20250915_093638.log
[2025-09-15 09:36:38.433] Host LanguageMode: FullLanguage
[2025-09-15 09:36:38.438] Default runspace LanguageMode: FullLanguage
[2025-09-15 09:36:38.440] Host keyword 'if' ok: True
[2025-09-15 09:36:41.745] Update-DeviceFilter: siteSel='BOYO', zoneSel='All Zones', bldSel='', siteChanged=True, zoneChanged=True, bldChanged=False
[2025-09-15 09:36:41.756] Request-DeviceFilterUpdate suppressed (faulted or programmatic update)
[2025-09-15 09:36:41.759] ZoneSelection | firstRunOrSiteChange=True, lastZone='', selectIndex=1, selectItem='', finalSelected='A05'
[2025-09-15 09:36:41.766] Request-DeviceFilterUpdate suppressed (faulted or programmatic update)
[2025-09-15 09:36:41.769] HostFilter | site='BOYO', zone='A05', building='', room='', count=1, sample=[BOYO-A05-AS-05]
[2025-09-15 09:36:41.772] HostFilter | site='BOYO', zone='A05', building='', room='', count=1, examples=[BOYO-A05-AS-05]
[2025-09-15 09:36:41.775] Request-DeviceFilterUpdate suppressed (faulted or programmatic update)
[2025-09-15 09:36:41.865] CompareHostFilter | site='', zone='', building='', room='', count=6, sample=[BOYO-A05-AS-05,WLLS-A01-AS-01,WLLS-A02-AS-02,WLLS-A03-AS-03,WLLS-A05-AS-05]
[2025-09-15 09:36:43.716] Update-DeviceFilter: siteSel='BOYO', zoneSel='A05', bldSel='', siteChanged=False, zoneChanged=False, bldChanged=False
[2025-09-15 09:36:43.722] Request-DeviceFilterUpdate suppressed (faulted or programmatic update)
[2025-09-15 09:36:43.732] Request-DeviceFilterUpdate suppressed (faulted or programmatic update)
[2025-09-15 09:36:43.734] ZoneSelection | firstRunOrSiteChange=False, lastZone='A05', selectIndex=0, selectItem='A05', finalSelected='A05'
[2025-09-15 09:36:43.746] HostFilter | site='BOYO', zone='A05', building='', room='', count=1, sample=[BOYO-A05-AS-05]
[2025-09-15 09:36:43.752] HostFilter | site='BOYO', zone='A05', building='', room='', count=1, examples=[BOYO-A05-AS-05]
[2025-09-15 09:36:43.829] CompareHostFilter | site='', zone='', building='', room='', count=6, sample=[BOYO-A05-AS-05,WLLS-A01-AS-01,WLLS-A02-AS-02,WLLS-A03-AS-03,WLLS-A05-AS-05]
[2025-09-15 09:36:52.358] Update-DeviceFilter: siteSel='WLLS', zoneSel='A05', bldSel='', siteChanged=True, zoneChanged=False, bldChanged=False
[2025-09-15 09:36:52.365] Request-DeviceFilterUpdate suppressed (faulted or programmatic update)
[2025-09-15 09:36:52.370] Request-DeviceFilterUpdate suppressed (faulted or programmatic update)
[2025-09-15 09:36:52.373] Request-DeviceFilterUpdate suppressed (faulted or programmatic update)
[2025-09-15 09:36:52.376] Request-DeviceFilterUpdate suppressed (faulted or programmatic update)
[2025-09-15 09:36:52.381] Request-DeviceFilterUpdate suppressed (faulted or programmatic update)
[2025-09-15 09:36:52.383] ZoneSelection | firstRunOrSiteChange=True, lastZone='', selectIndex=1, selectItem='', finalSelected='A01'
[2025-09-15 09:36:52.387] Request-DeviceFilterUpdate suppressed (faulted or programmatic update)
[2025-09-15 09:36:52.389] HostFilter | site='WLLS', zone='A01', building='', room='', count=1, sample=[WLLS-A01-AS-01]
[2025-09-15 09:36:52.495] HostFilter | site='WLLS', zone='A01', building='', room='', count=1, examples=[WLLS-A01-AS-01]
[2025-09-15 09:36:52.498] Request-DeviceFilterUpdate suppressed (faulted or programmatic update)
[2025-09-15 09:36:52.561] CompareHostFilter | site='', zone='', building='', room='', count=6, sample=[BOYO-A05-AS-05,WLLS-A01-AS-01,WLLS-A02-AS-02,WLLS-A03-AS-03,WLLS-A05-AS-05]
[2025-09-15 09:37:33.699] Update-DeviceFilter: siteSel='WLLS', zoneSel='A05', bldSel='', siteChanged=False, zoneChanged=True, bldChanged=False
[2025-09-15 09:37:33.706] Request-DeviceFilterUpdate suppressed (faulted or programmatic update)
[2025-09-15 09:37:33.710] Request-DeviceFilterUpdate suppressed (faulted or programmatic update)
[2025-09-15 09:37:33.714] Request-DeviceFilterUpdate suppressed (faulted or programmatic update)
[2025-09-15 09:37:33.716] Request-DeviceFilterUpdate suppressed (faulted or programmatic update)
[2025-09-15 09:37:33.718] ZoneSelection | firstRunOrSiteChange=False, lastZone='', selectIndex=0, selectItem='A05', finalSelected='A05'
[2025-09-15 09:37:33.721] Request-DeviceFilterUpdate suppressed (faulted or programmatic update)
[2025-09-15 09:37:33.723] HostFilter | site='WLLS', zone='A05', building='', room='', count=1, sample=[WLLS-A05-AS-05]
[2025-09-15 09:37:33.870] HostFilter | site='WLLS', zone='A05', building='', room='', count=1, examples=[WLLS-A05-AS-05]
[2025-09-15 09:37:33.873] Request-DeviceFilterUpdate suppressed (faulted or programmatic update)
[2025-09-15 09:37:33.929] CompareHostFilter | site='', zone='', building='', room='', count=6, sample=[BOYO-A05-AS-05,WLLS-A01-AS-01,WLLS-A02-AS-02,WLLS-A03-AS-03,WLLS-A05-AS-05]
[2025-09-15 09:37:45.213] Update-DeviceFilter: siteSel='WLLS', zoneSel='All Zones', bldSel='', siteChanged=False, zoneChanged=True, bldChanged=False
[2025-09-15 09:37:45.215] Request-DeviceFilterUpdate suppressed (faulted or programmatic update)
[2025-09-15 09:37:45.218] Request-DeviceFilterUpdate suppressed (faulted or programmatic update)
[2025-09-15 09:37:45.221] ZoneSelection | firstRunOrSiteChange=False, lastZone='', selectIndex=0, selectItem='', finalSelected='All Zones'
[2025-09-15 09:37:45.224] Request-DeviceFilterUpdate suppressed (faulted or programmatic update)
[2025-09-15 09:37:45.227] HostFilter | site='WLLS', zone='All Zones', building='', room='', count=5, sample=[WLLS-A07-AS-07,WLLS-A05-AS-05,WLLS-A03-AS-03,WLLS-A02-AS-02,WLLS-A01-AS-01]
[2025-09-15 09:37:45.291] HostFilter | site='WLLS', zone='All Zones', building='', room='', count=5, examples=[WLLS-A01-AS-01, WLLS-A02-AS-02, WLLS-A03-AS-03]
[2025-09-15 09:37:45.294] Request-DeviceFilterUpdate suppressed (faulted or programmatic update)
[2025-09-15 09:37:45.358] CompareHostFilter | site='', zone='', building='', room='', count=6, sample=[BOYO-A05-AS-05,WLLS-A01-AS-01,WLLS-A02-AS-02,WLLS-A03-AS-03,WLLS-A05-AS-05]
[2025-09-15 09:39:21.980] Update-DeviceFilter: siteSel='WLLS', zoneSel='A01', bldSel='', siteChanged=False, zoneChanged=True, bldChanged=False
[2025-09-15 09:39:21.985] Request-DeviceFilterUpdate suppressed (faulted or programmatic update)
[2025-09-15 09:39:21.989] Request-DeviceFilterUpdate suppressed (faulted or programmatic update)
[2025-09-15 09:39:21.994] Request-DeviceFilterUpdate suppressed (faulted or programmatic update)
[2025-09-15 09:39:21.997] Request-DeviceFilterUpdate suppressed (faulted or programmatic update)
[2025-09-15 09:39:22.010] ZoneSelection | firstRunOrSiteChange=False, lastZone='', selectIndex=0, selectItem='A01', finalSelected='A01'
[2025-09-15 09:39:22.012] Request-DeviceFilterUpdate suppressed (faulted or programmatic update)
[2025-09-15 09:39:22.028] HostFilter | site='WLLS', zone='A01', building='', room='', count=1, sample=[WLLS-A01-AS-01]
[2025-09-15 09:39:22.091] HostFilter | site='WLLS', zone='A01', building='', room='', count=1, examples=[WLLS-A01-AS-01]
[2025-09-15 09:39:22.093] Request-DeviceFilterUpdate suppressed (faulted or programmatic update)
[2025-09-15 09:39:22.157] CompareHostFilter | site='', zone='', building='', room='', count=6, sample=[BOYO-A05-AS-05,WLLS-A01-AS-01,WLLS-A02-AS-02,WLLS-A03-AS-03,WLLS-A05-AS-05]
[2025-09-15 09:39:26.782] CompareHostFilter | site='', zone='', building='', room='', count=6, sample=[BOYO-A05-AS-05,WLLS-A01-AS-01,WLLS-A02-AS-02,WLLS-A03-AS-03,WLLS-A05-AS-05]
