--- StateTrace diagnostic log ---
[2025-09-15 08:49:14.411] Logging to: C:\Users\Werem\OneDrive\Documents\StateTrace\Logs\StateTrace_Debug_20250915_084914.log
[2025-09-15 08:49:14.422] Host LanguageMode: FullLanguage
[2025-09-15 08:49:14.425] Default runspace LanguageMode: FullLanguage
[2025-09-15 08:49:14.427] Host keyword 'if' ok: True
[2025-09-15 08:49:17.612] Update-DeviceFilter: siteSel='BOYO', zoneSel='All Zones', bldSel='', siteChanged=True, zoneChanged=True, bldChanged=False
[2025-09-15 08:49:17.621] Request-DeviceFilterUpdate suppressed (faulted or programmatic update)
[2025-09-15 08:49:17.625] ZoneSelection | firstRunOrSiteChange=True, lastZone='', selectIndex=1, selectItem='', finalSelected='A05'
[2025-09-15 08:49:17.641] Request-DeviceFilterUpdate suppressed (faulted or programmatic update)
[2025-09-15 08:49:17.645] HostFilter | site='BOYO', zone='A05', building='', room='', count=1, sample=[BOYO-A05-AS-05]
[2025-09-15 08:49:17.649] HostFilter | site='BOYO', zone='A05', building='', room='', count=1, examples=[BOYO-A05-AS-05]
[2025-09-15 08:49:17.651] Request-DeviceFilterUpdate suppressed (faulted or programmatic update)
[2025-09-15 08:49:17.733] CompareHostFilter | site='', zone='', building='', room='', count=6, sample=[BOYO-A05-AS-05,WLLS-A01-AS-01,WLLS-A02-AS-02,WLLS-A03-AS-03,WLLS-A05-AS-05]
[2025-09-15 08:49:19.419] Update-DeviceFilter: siteSel='BOYO', zoneSel='A05', bldSel='', siteChanged=False, zoneChanged=False, bldChanged=False
[2025-09-15 08:49:19.426] Request-DeviceFilterUpdate suppressed (faulted or programmatic update)
[2025-09-15 08:49:19.433] Request-DeviceFilterUpdate suppressed (faulted or programmatic update)
[2025-09-15 08:49:19.437] ZoneSelection | firstRunOrSiteChange=False, lastZone='A05', selectIndex=0, selectItem='A05', finalSelected='A05'
[2025-09-15 08:49:19.439] HostFilter | site='BOYO', zone='A05', building='', room='', count=1, sample=[BOYO-A05-AS-05]
[2025-09-15 08:49:19.449] HostFilter | site='BOYO', zone='A05', building='', room='', count=1, examples=[BOYO-A05-AS-05]
[2025-09-15 08:49:19.524] CompareHostFilter | site='', zone='', building='', room='', count=6, sample=[BOYO-A05-AS-05,WLLS-A01-AS-01,WLLS-A02-AS-02,WLLS-A03-AS-03,WLLS-A05-AS-05]
[2025-09-15 08:49:28.092] Update-DeviceFilter: siteSel='WLLS', zoneSel='A05', bldSel='', siteChanged=True, zoneChanged=False, bldChanged=False
[2025-09-15 08:49:28.099] Request-DeviceFilterUpdate suppressed (faulted or programmatic update)
[2025-09-15 08:49:28.104] Request-DeviceFilterUpdate suppressed (faulted or programmatic update)
[2025-09-15 08:49:28.107] Request-DeviceFilterUpdate suppressed (faulted or programmatic update)
[2025-09-15 08:49:28.110] Request-DeviceFilterUpdate suppressed (faulted or programmatic update)
[2025-09-15 08:49:28.116] Request-DeviceFilterUpdate suppressed (faulted or programmatic update)
[2025-09-15 08:49:28.118] ZoneSelection | firstRunOrSiteChange=True, lastZone='', selectIndex=1, selectItem='', finalSelected='A01'
[2025-09-15 08:49:28.120] Request-DeviceFilterUpdate suppressed (faulted or programmatic update)
[2025-09-15 08:49:28.123] HostFilter | site='WLLS', zone='A01', building='', room='', count=1, sample=[WLLS-A01-AS-01]
[2025-09-15 08:49:28.190] HostFilter | site='WLLS', zone='A01', building='', room='', count=1, examples=[WLLS-A01-AS-01]
[2025-09-15 08:49:28.193] Request-DeviceFilterUpdate suppressed (faulted or programmatic update)
[2025-09-15 08:49:28.256] CompareHostFilter | site='', zone='', building='', room='', count=6, sample=[BOYO-A05-AS-05,WLLS-A01-AS-01,WLLS-A02-AS-02,WLLS-A03-AS-03,WLLS-A05-AS-05]
[2025-09-15 08:49:40.527] Update-DeviceFilter: siteSel='WLLS', zoneSel='All Zones', bldSel='', siteChanged=False, zoneChanged=True, bldChanged=False
[2025-09-15 08:49:40.535] Request-DeviceFilterUpdate suppressed (faulted or programmatic update)
[2025-09-15 08:49:40.556] Request-DeviceFilterUpdate suppressed (faulted or programmatic update)
[2025-09-15 08:49:40.559] ZoneSelection | firstRunOrSiteChange=False, lastZone='', selectIndex=0, selectItem='', finalSelected='All Zones'
[2025-09-15 08:49:40.561] Request-DeviceFilterUpdate suppressed (faulted or programmatic update)
[2025-09-15 08:49:40.564] HostFilter | site='WLLS', zone='All Zones', building='', room='', count=5, sample=[WLLS-A07-AS-07,WLLS-A05-AS-05,WLLS-A03-AS-03,WLLS-A02-AS-02,WLLS-A01-AS-01]
[2025-09-15 08:49:40.568] HostFilter | site='WLLS', zone='All Zones', building='', room='', count=5, examples=[WLLS-A01-AS-01, WLLS-A02-AS-02, WLLS-A03-AS-03]
[2025-09-15 08:49:40.571] Request-DeviceFilterUpdate suppressed (faulted or programmatic update)
[2025-09-15 08:49:40.636] CompareHostFilter | site='', zone='', building='', room='', count=6, sample=[BOYO-A05-AS-05,WLLS-A01-AS-01,WLLS-A02-AS-02,WLLS-A03-AS-03,WLLS-A05-AS-05]
[2025-09-15 08:49:57.088] CompareHostFilter | site='', zone='', building='', room='', count=6, sample=[BOYO-A05-AS-05,WLLS-A01-AS-01,WLLS-A02-AS-02,WLLS-A03-AS-03,WLLS-A05-AS-05]
[2025-09-15 08:50:31.243] Update-DeviceFilter: siteSel='All Sites', zoneSel='All Zones', bldSel='', siteChanged=True, zoneChanged=False, bldChanged=False
[2025-09-15 08:50:31.258] Request-DeviceFilterUpdate suppressed (faulted or programmatic update)
[2025-09-15 08:50:31.270] Request-DeviceFilterUpdate suppressed (faulted or programmatic update)
[2025-09-15 08:50:31.288] Request-DeviceFilterUpdate suppressed (faulted or programmatic update)
[2025-09-15 08:50:31.300] ZoneSelection | firstRunOrSiteChange=True, lastZone='', selectIndex=1, selectItem='', finalSelected='A01'
[2025-09-15 08:50:31.318] Request-DeviceFilterUpdate suppressed (faulted or programmatic update)
[2025-09-15 08:50:31.342] HostFilter | site='All Sites', zone='A01', building='', room='', count=0, sample=[]
[2025-09-15 08:50:31.355] HostFilter | site='All Sites', zone='A01', building='', room='', count=0, examples=[]
[2025-09-15 08:50:31.430] CompareHostFilter | site='', zone='', building='', room='', count=6, sample=[BOYO-A05-AS-05,WLLS-A01-AS-01,WLLS-A02-AS-02,WLLS-A03-AS-03,WLLS-A05-AS-05]
[2025-09-15 08:50:42.541] Update-DeviceFilter: siteSel='WLLS', zoneSel='A01', bldSel='', siteChanged=True, zoneChanged=False, bldChanged=False
[2025-09-15 08:50:42.544] Request-DeviceFilterUpdate suppressed (faulted or programmatic update)
[2025-09-15 08:50:42.553] Request-DeviceFilterUpdate suppressed (faulted or programmatic update)
[2025-09-15 08:50:42.567] Request-DeviceFilterUpdate suppressed (faulted or programmatic update)
[2025-09-15 08:50:42.576] Request-DeviceFilterUpdate suppressed (faulted or programmatic update)
[2025-09-15 08:50:42.591] ZoneSelection | firstRunOrSiteChange=True, lastZone='', selectIndex=1, selectItem='', finalSelected='A01'
[2025-09-15 08:50:42.607] Request-DeviceFilterUpdate suppressed (faulted or programmatic update)
[2025-09-15 08:50:42.622] HostFilter | site='WLLS', zone='A01', building='', room='', count=1, sample=[WLLS-A01-AS-01]
[2025-09-15 08:50:42.720] HostFilter | site='WLLS', zone='A01', building='', room='', count=1, examples=[WLLS-A01-AS-01]
[2025-09-15 08:50:42.731] Request-DeviceFilterUpdate suppressed (faulted or programmatic update)
[2025-09-15 08:50:42.844] CompareHostFilter | site='', zone='', building='', room='', count=6, sample=[BOYO-A05-AS-05,WLLS-A01-AS-01,WLLS-A02-AS-02,WLLS-A03-AS-03,WLLS-A05-AS-05]
[2025-09-15 08:50:47.762] Update-DeviceFilter: siteSel='WLLS', zoneSel='All Zones', bldSel='', siteChanged=False, zoneChanged=True, bldChanged=False
[2025-09-15 08:50:47.766] Request-DeviceFilterUpdate suppressed (faulted or programmatic update)
[2025-09-15 08:50:47.769] Request-DeviceFilterUpdate suppressed (faulted or programmatic update)
[2025-09-15 08:50:47.773] ZoneSelection | firstRunOrSiteChange=False, lastZone='', selectIndex=0, selectItem='', finalSelected='All Zones'
[2025-09-15 08:50:47.775] Request-DeviceFilterUpdate suppressed (faulted or programmatic update)
[2025-09-15 08:50:47.777] HostFilter | site='WLLS', zone='All Zones', building='', room='', count=5, sample=[WLLS-A07-AS-07,WLLS-A05-AS-05,WLLS-A03-AS-03,WLLS-A02-AS-02,WLLS-A01-AS-01]
[2025-09-15 08:50:47.780] HostFilter | site='WLLS', zone='All Zones', building='', room='', count=5, examples=[WLLS-A01-AS-01, WLLS-A02-AS-02, WLLS-A03-AS-03]
[2025-09-15 08:50:47.783] Request-DeviceFilterUpdate suppressed (faulted or programmatic update)
[2025-09-15 08:50:47.868] CompareHostFilter | site='', zone='', building='', room='', count=6, sample=[BOYO-A05-AS-05,WLLS-A01-AS-01,WLLS-A02-AS-02,WLLS-A03-AS-03,WLLS-A05-AS-05]
[2025-09-15 08:51:20.431] Update-DeviceFilter: siteSel='BOYO', zoneSel='All Zones', bldSel='', siteChanged=True, zoneChanged=False, bldChanged=False
[2025-09-15 08:51:20.437] Request-DeviceFilterUpdate suppressed (faulted or programmatic update)
[2025-09-15 08:51:20.441] Request-DeviceFilterUpdate suppressed (faulted or programmatic update)
[2025-09-15 08:51:20.446] Request-DeviceFilterUpdate suppressed (faulted or programmatic update)
[2025-09-15 08:51:20.450] ZoneSelection | firstRunOrSiteChange=True, lastZone='', selectIndex=1, selectItem='', finalSelected='A05'
[2025-09-15 08:51:20.453] Request-DeviceFilterUpdate suppressed (faulted or programmatic update)
[2025-09-15 08:51:20.457] HostFilter | site='BOYO', zone='A05', building='', room='', count=1, sample=[BOYO-A05-AS-05]
[2025-09-15 08:51:20.555] HostFilter | site='BOYO', zone='A05', building='', room='', count=1, examples=[BOYO-A05-AS-05]
[2025-09-15 08:51:20.567] Request-DeviceFilterUpdate suppressed (faulted or programmatic update)
[2025-09-15 08:51:20.636] CompareHostFilter | site='', zone='', building='', room='', count=6, sample=[BOYO-A05-AS-05,WLLS-A01-AS-01,WLLS-A02-AS-02,WLLS-A03-AS-03,WLLS-A05-AS-05]
