--- StateTrace diagnostic log ---
[2025-09-15 10:06:38.161] Logging to: C:\Users\Werem\OneDrive\Documents\StateTrace\Logs\StateTrace_Debug_20250915_100638.log
[2025-09-15 10:06:38.172] Host LanguageMode: FullLanguage
[2025-09-15 10:06:38.177] Default runspace LanguageMode: FullLanguage
[2025-09-15 10:06:38.179] Host keyword 'if' ok: True
[2025-09-15 10:06:41.453] Update-DeviceFilter: siteSel='BOYO', zoneSel='All Zones', bldSel='', siteChanged=True, zoneChanged=True, bldChanged=False
[2025-09-15 10:06:41.462] Request-DeviceFilterUpdate suppressed (faulted or programmatic update)
[2025-09-15 10:06:41.466] ZoneSelection | firstRunOrSiteChange=True, lastZone='', selectIndex=1, selectItem='', finalSelected='A05'
[2025-09-15 10:06:41.472] Request-DeviceFilterUpdate suppressed (faulted or programmatic update)
[2025-09-15 10:06:41.476] HostFilter | site='BOYO', zone='A05', building='', room='', count=1, sample=[BOYO-A05-AS-05]
[2025-09-15 10:06:41.479] HostFilter | site='BOYO', zone='A05', building='', room='', count=1, examples=[BOYO-A05-AS-05]
[2025-09-15 10:06:41.481] Request-DeviceFilterUpdate suppressed (faulted or programmatic update)
[2025-09-15 10:06:41.569] CompareHostFilter | site='', zone='', building='', room='', count=6, sample=[BOYO-A05-AS-05,WLLS-A01-AS-01,WLLS-A02-AS-02,WLLS-A03-AS-03,WLLS-A05-AS-05]
[2025-09-15 10:06:43.558] Update-DeviceFilter: siteSel='BOYO', zoneSel='A05', bldSel='', siteChanged=False, zoneChanged=False, bldChanged=False
[2025-09-15 10:06:43.577] Request-DeviceFilterUpdate suppressed (faulted or programmatic update)
[2025-09-15 10:06:43.582] Request-DeviceFilterUpdate suppressed (faulted or programmatic update)
[2025-09-15 10:06:43.588] ZoneSelection | firstRunOrSiteChange=False, lastZone='A05', selectIndex=0, selectItem='A05', finalSelected='A05'
[2025-09-15 10:06:43.608] HostFilter | site='BOYO', zone='A05', building='', room='', count=1, sample=[BOYO-A05-AS-05]
[2025-09-15 10:06:43.618] HostFilter | site='BOYO', zone='A05', building='', room='', count=1, examples=[BOYO-A05-AS-05]
[2025-09-15 10:06:43.714] CompareHostFilter | site='', zone='', building='', room='', count=6, sample=[BOYO-A05-AS-05,WLLS-A01-AS-01,WLLS-A02-AS-02,WLLS-A03-AS-03,WLLS-A05-AS-05]
[2025-09-15 10:06:50.528] Update-DeviceFilter: siteSel='All Sites', zoneSel='A05', bldSel='', siteChanged=True, zoneChanged=False, bldChanged=False
[2025-09-15 10:06:50.534] Request-DeviceFilterUpdate suppressed (faulted or programmatic update)
[2025-09-15 10:06:50.537] Request-DeviceFilterUpdate suppressed (faulted or programmatic update)
[2025-09-15 10:06:50.540] Request-DeviceFilterUpdate suppressed (faulted or programmatic update)
[2025-09-15 10:06:50.543] Request-DeviceFilterUpdate suppressed (faulted or programmatic update)
[2025-09-15 10:06:50.547] Request-DeviceFilterUpdate suppressed (faulted or programmatic update)
[2025-09-15 10:06:50.549] ZoneSelection | firstRunOrSiteChange=True, lastZone='', selectIndex=1, selectItem='', finalSelected='A01'
[2025-09-15 10:06:50.552] Request-DeviceFilterUpdate suppressed (faulted or programmatic update)
[2025-09-15 10:06:50.555] HostFilter | site='All Sites', zone='A01', building='', room='', count=0, sample=[]
[2025-09-15 10:06:50.558] HostFilter | site='All Sites', zone='A01', building='', room='', count=0, examples=[]
[2025-09-15 10:06:50.621] CompareHostFilter | site='', zone='', building='', room='', count=6, sample=[BOYO-A05-AS-05,WLLS-A01-AS-01,WLLS-A02-AS-02,WLLS-A03-AS-03,WLLS-A05-AS-05]
[2025-09-15 10:07:14.292] Update-DeviceFilter: siteSel='BOYO', zoneSel='A01', bldSel='', siteChanged=True, zoneChanged=False, bldChanged=False
[2025-09-15 10:07:14.294] Request-DeviceFilterUpdate suppressed (faulted or programmatic update)
[2025-09-15 10:07:14.297] Request-DeviceFilterUpdate suppressed (faulted or programmatic update)
[2025-09-15 10:07:14.300] Request-DeviceFilterUpdate suppressed (faulted or programmatic update)
[2025-09-15 10:07:14.303] Request-DeviceFilterUpdate suppressed (faulted or programmatic update)
[2025-09-15 10:07:14.305] ZoneSelection | firstRunOrSiteChange=True, lastZone='', selectIndex=1, selectItem='', finalSelected='A05'
[2025-09-15 10:07:14.307] Request-DeviceFilterUpdate suppressed (faulted or programmatic update)
[2025-09-15 10:07:14.311] HostFilter | site='BOYO', zone='A05', building='', room='', count=1, sample=[BOYO-A05-AS-05]
[2025-09-15 10:07:14.369] HostFilter | site='BOYO', zone='A05', building='', room='', count=1, examples=[BOYO-A05-AS-05]
[2025-09-15 10:07:14.371] Request-DeviceFilterUpdate suppressed (faulted or programmatic update)
[2025-09-15 10:07:14.435] CompareHostFilter | site='', zone='', building='', room='', count=6, sample=[BOYO-A05-AS-05,WLLS-A01-AS-01,WLLS-A02-AS-02,WLLS-A03-AS-03,WLLS-A05-AS-05]
[2025-09-15 10:07:17.916] Update-DeviceFilter: siteSel='BOYO', zoneSel='All Zones', bldSel='', siteChanged=False, zoneChanged=True, bldChanged=False
[2025-09-15 10:07:17.921] Request-DeviceFilterUpdate suppressed (faulted or programmatic update)
[2025-09-15 10:07:17.925] Request-DeviceFilterUpdate suppressed (faulted or programmatic update)
[2025-09-15 10:07:17.931] ZoneSelection | firstRunOrSiteChange=False, lastZone='', selectIndex=0, selectItem='', finalSelected='All Zones'
[2025-09-15 10:07:17.935] Request-DeviceFilterUpdate suppressed (faulted or programmatic update)
[2025-09-15 10:07:17.962] HostFilter | site='BOYO', zone='All Zones', building='', room='', count=1, sample=[BOYO-A05-AS-05]
[2025-09-15 10:07:17.968] HostFilter | site='BOYO', zone='All Zones', building='', room='', count=1, examples=[BOYO-A05-AS-05]
[2025-09-15 10:07:17.971] Request-DeviceFilterUpdate suppressed (faulted or programmatic update)
[2025-09-15 10:07:18.032] CompareHostFilter | site='', zone='', building='', room='', count=6, sample=[BOYO-A05-AS-05,WLLS-A01-AS-01,WLLS-A02-AS-02,WLLS-A03-AS-03,WLLS-A05-AS-05]
[2025-09-15 10:07:26.494] Update-DeviceFilter: siteSel='All Sites', zoneSel='All Zones', bldSel='', siteChanged=True, zoneChanged=False, bldChanged=False
[2025-09-15 10:07:26.501] Request-DeviceFilterUpdate suppressed (faulted or programmatic update)
[2025-09-15 10:07:26.505] Request-DeviceFilterUpdate suppressed (faulted or programmatic update)
[2025-09-15 10:07:26.510] Request-DeviceFilterUpdate suppressed (faulted or programmatic update)
[2025-09-15 10:07:26.513] ZoneSelection | firstRunOrSiteChange=True, lastZone='', selectIndex=1, selectItem='', finalSelected='A01'
[2025-09-15 10:07:26.516] Request-DeviceFilterUpdate suppressed (faulted or programmatic update)
[2025-09-15 10:07:26.519] HostFilter | site='All Sites', zone='A01', building='', room='', count=0, sample=[]
[2025-09-15 10:07:26.523] HostFilter | site='All Sites', zone='A01', building='', room='', count=0, examples=[]
[2025-09-15 10:07:26.587] CompareHostFilter | site='', zone='', building='', room='', count=6, sample=[BOYO-A05-AS-05,WLLS-A01-AS-01,WLLS-A02-AS-02,WLLS-A03-AS-03,WLLS-A05-AS-05]
