--- StateTrace diagnostic log ---
[2025-09-15 09:53:46.578] Logging to: C:\Users\Werem\OneDrive\Documents\StateTrace\Logs\StateTrace_Debug_20250915_095346.log
[2025-09-15 09:53:46.589] Host LanguageMode: FullLanguage
[2025-09-15 09:53:46.594] Default runspace LanguageMode: FullLanguage
[2025-09-15 09:53:46.596] Host keyword 'if' ok: True
[2025-09-15 09:53:50.001] Update-DeviceFilter: siteSel='BOYO', zoneSel='All Zones', bldSel='', siteChanged=True, zoneChanged=True, bldChanged=False
[2025-09-15 09:53:50.022] Request-DeviceFilterUpdate suppressed (faulted or programmatic update)
[2025-09-15 09:53:50.034] ZoneSelection | firstRunOrSiteChange=True, lastZone='', selectIndex=1, selectItem='', finalSelected='A05'
[2025-09-15 09:53:50.041] Request-DeviceFilterUpdate suppressed (faulted or programmatic update)
[2025-09-15 09:53:50.055] HostFilter | site='BOYO', zone='A05', building='', room='', count=1, sample=[BOYO-A05-AS-05]
[2025-09-15 09:53:50.061] HostFilter | site='BOYO', zone='A05', building='', room='', count=1, examples=[BOYO-A05-AS-05]
[2025-09-15 09:53:50.064] Request-DeviceFilterUpdate suppressed (faulted or programmatic update)
[2025-09-15 09:53:50.181] CompareHostFilter | site='', zone='', building='', room='', count=6, sample=[BOYO-A05-AS-05,WLLS-A01-AS-01,WLLS-A02-AS-02,WLLS-A03-AS-03,WLLS-A05-AS-05]
[2025-09-15 09:53:51.996] Update-DeviceFilter: siteSel='BOYO', zoneSel='A05', bldSel='', siteChanged=False, zoneChanged=False, bldChanged=False
[2025-09-15 09:53:52.017] Request-DeviceFilterUpdate suppressed (faulted or programmatic update)
[2025-09-15 09:53:52.031] Request-DeviceFilterUpdate suppressed (faulted or programmatic update)
[2025-09-15 09:53:52.047] ZoneSelection | firstRunOrSiteChange=False, lastZone='A05', selectIndex=0, selectItem='A05', finalSelected='A05'
[2025-09-15 09:53:52.055] HostFilter | site='BOYO', zone='A05', building='', room='', count=1, sample=[BOYO-A05-AS-05]
[2025-09-15 09:53:52.065] HostFilter | site='BOYO', zone='A05', building='', room='', count=1, examples=[BOYO-A05-AS-05]
[2025-09-15 09:53:52.148] CompareHostFilter | site='', zone='', building='', room='', count=6, sample=[BOYO-A05-AS-05,WLLS-A01-AS-01,WLLS-A02-AS-02,WLLS-A03-AS-03,WLLS-A05-AS-05]
[2025-09-15 09:54:00.920] Update-DeviceFilter: siteSel='WLLS', zoneSel='A05', bldSel='', siteChanged=True, zoneChanged=False, bldChanged=False
[2025-09-15 09:54:00.933] Request-DeviceFilterUpdate suppressed (faulted or programmatic update)
[2025-09-15 09:54:00.954] Request-DeviceFilterUpdate suppressed (faulted or programmatic update)
[2025-09-15 09:54:00.958] Request-DeviceFilterUpdate suppressed (faulted or programmatic update)
[2025-09-15 09:54:00.973] Request-DeviceFilterUpdate suppressed (faulted or programmatic update)
[2025-09-15 09:54:00.987] Request-DeviceFilterUpdate suppressed (faulted or programmatic update)
[2025-09-15 09:54:00.997] ZoneSelection | firstRunOrSiteChange=True, lastZone='', selectIndex=1, selectItem='', finalSelected='A01'
[2025-09-15 09:54:01.004] Request-DeviceFilterUpdate suppressed (faulted or programmatic update)
[2025-09-15 09:54:01.007] HostFilter | site='WLLS', zone='A01', building='', room='', count=1, sample=[WLLS-A01-AS-01]
[2025-09-15 09:54:01.236] HostFilter | site='WLLS', zone='A01', building='', room='', count=1, examples=[WLLS-A01-AS-01]
[2025-09-15 09:54:01.265] Request-DeviceFilterUpdate suppressed (faulted or programmatic update)
[2025-09-15 09:54:01.336] CompareHostFilter | site='', zone='', building='', room='', count=6, sample=[BOYO-A05-AS-05,WLLS-A01-AS-01,WLLS-A02-AS-02,WLLS-A03-AS-03,WLLS-A05-AS-05]
[2025-09-15 09:54:20.603] CompareHostFilter | site='', zone='', building='', room='', count=6, sample=[BOYO-A05-AS-05,WLLS-A01-AS-01,WLLS-A02-AS-02,WLLS-A03-AS-03,WLLS-A05-AS-05]
[2025-09-15 09:57:47.763] CompareHostFilter | site='', zone='', building='', room='', count=6, sample=[BOYO-A05-AS-05,WLLS-A01-AS-01,WLLS-A02-AS-02,WLLS-A03-AS-03,WLLS-A05-AS-05]
[2025-09-15 09:57:52.712] Update-DeviceFilter: siteSel='WLLS', zoneSel='A05', bldSel='', siteChanged=False, zoneChanged=True, bldChanged=False
[2025-09-15 09:57:52.720] Request-DeviceFilterUpdate suppressed (faulted or programmatic update)
[2025-09-15 09:57:52.725] Request-DeviceFilterUpdate suppressed (faulted or programmatic update)
[2025-09-15 09:57:52.731] Request-DeviceFilterUpdate suppressed (faulted or programmatic update)
[2025-09-15 09:57:52.734] Request-DeviceFilterUpdate suppressed (faulted or programmatic update)
[2025-09-15 09:57:52.737] ZoneSelection | firstRunOrSiteChange=False, lastZone='', selectIndex=0, selectItem='A05', finalSelected='A05'
[2025-09-15 09:57:52.739] Request-DeviceFilterUpdate suppressed (faulted or programmatic update)
[2025-09-15 09:57:52.742] HostFilter | site='WLLS', zone='A05', building='', room='', count=1, sample=[WLLS-A05-AS-05]
[2025-09-15 09:57:52.836] HostFilter | site='WLLS', zone='A05', building='', room='', count=1, examples=[WLLS-A05-AS-05]
[2025-09-15 09:57:52.838] Request-DeviceFilterUpdate suppressed (faulted or programmatic update)
[2025-09-15 09:57:52.905] CompareHostFilter | site='', zone='', building='', room='', count=6, sample=[BOYO-A05-AS-05,WLLS-A01-AS-01,WLLS-A02-AS-02,WLLS-A03-AS-03,WLLS-A05-AS-05]
[2025-09-15 09:58:02.690] CompareHostFilter | site='', zone='', building='', room='', count=6, sample=[BOYO-A05-AS-05,WLLS-A01-AS-01,WLLS-A02-AS-02,WLLS-A03-AS-03,WLLS-A05-AS-05]
