[08:26:56.406] [Worker] LangMode=FullLanguage | keyword_if_ok=True
[08:26:56.406] [Worker] LangMode=FullLanguage | keyword_if_ok=True
[08:26:56.411] [Worker] LangMode=FullLanguage | keyword_if_ok=True
[08:26:56.415] [Worker] LangMode=FullLanguage | keyword_if_ok=True
[08:26:56.434] [Worker] LangMode=FullLanguage | keyword_if_ok=True
[08:26:56.434] [Worker] LangMode=FullLanguage | keyword_if_ok=True
[08:26:56.641] [Worker] Parsing: C:\Users\Werem\OneDrive\Documents\StateTrace\Logs\Extracted\WLLS-A01-AS-01.log
[08:26:56.739] [Worker] Parsing: C:\Users\Werem\OneDrive\Documents\StateTrace\Logs\Extracted\BOYO-A05-AS-02.log
[08:26:56.740] [Worker] Parsing: C:\Users\Werem\OneDrive\Documents\StateTrace\Logs\Extracted\WLLS-A05-AS-05.log
[08:26:56.829] [Worker] Parsing: C:\Users\Werem\OneDrive\Documents\StateTrace\Logs\Extracted\BOYO-A05-AS-05.log
[08:26:56.844] [Worker] Parsing: C:\Users\Werem\OneDrive\Documents\StateTrace\Logs\Extracted\WLLS-A07-AS-07.log
[08:26:56.846] [Worker] Parsing: C:\Users\Werem\OneDrive\Documents\StateTrace\Logs\Extracted\WLLS-A02-AS-02.log
[08:26:56.860] [Worker] Parsing: C:\Users\Werem\OneDrive\Documents\StateTrace\Logs\Extracted\_unknown.log
[08:26:56.868] [Worker] Parsing complete: C:\Users\Werem\OneDrive\Documents\StateTrace\Logs\Extracted\_unknown.log
[08:26:57.677] [Worker] Parsing complete: C:\Users\Werem\OneDrive\Documents\StateTrace\Logs\Extracted\WLLS-A01-AS-01.log
[08:26:57.790] [Worker] Parsing complete: C:\Users\Werem\OneDrive\Documents\StateTrace\Logs\Extracted\WLLS-A02-AS-02.log
[08:26:57.852] [Worker] Parsing complete: C:\Users\Werem\OneDrive\Documents\StateTrace\Logs\Extracted\WLLS-A03-AS-03.log
[08:26:57.929] [Worker] Parsing complete: C:\Users\Werem\OneDrive\Documents\StateTrace\Logs\Extracted\BOYO-A05-AS-02.log
[08:26:58.142] [Worker] Parsing complete: C:\Users\Werem\OneDrive\Documents\StateTrace\Logs\Extracted\WLLS-A05-AS-05.log
[08:26:58.357] [Worker] Parsing complete: C:\Users\Werem\OneDrive\Documents\StateTrace\Logs\Extracted\BOYO-A05-AS-05.log
[08:26:58.427] [Worker] Parsing complete: C:\Users\Werem\OneDrive\Documents\StateTrace\Logs\Extracted\WLLS-A07-AS-07.log
[08:27:10.683] [Worker] LangMode=FullLanguage | keyword_if_ok=True
[08:27:10.694] [Worker] LangMode=FullLanguage | keyword_if_ok=True
[08:27:10.703] [Worker] LangMode=FullLanguage | keyword_if_ok=True
[08:27:10.704] [Worker] LangMode=FullLanguage | keyword_if_ok=True
[08:27:10.711] [Worker] LangMode=FullLanguage | keyword_if_ok=True
[08:27:10.723] [Worker] LangMode=FullLanguage | keyword_if_ok=True
[08:27:10.724] [Worker] LangMode=FullLanguage | keyword_if_ok=True
[08:27:11.094] [Worker] Parsing: C:\Users\Werem\OneDrive\Documents\StateTrace\Logs\Extracted\WLLS-A02-AS-02.log
[08:27:11.172] [Worker] Parsing: C:\Users\Werem\OneDrive\Documents\StateTrace\Logs\Extracted\BOYO-A05-AS-02.log
[08:27:11.181] [Worker] Parsing: C:\Users\Werem\OneDrive\Documents\StateTrace\Logs\Extracted\BOYO-A05-AS-05.log
[08:27:11.268] [Worker] Parsing: C:\Users\Werem\OneDrive\Documents\StateTrace\Logs\Extracted\WLLS-A01-AS-01.log
[08:27:11.274] [Worker] Parsing: C:\Users\Werem\OneDrive\Documents\StateTrace\Logs\Extracted\WLLS-A03-AS-03.log
[08:27:11.286] [Worker] Parsing: C:\Users\Werem\OneDrive\Documents\StateTrace\Logs\Extracted\_unknown.log
[08:27:11.409] [Worker] Parsing complete: C:\Users\Werem\OneDrive\Documents\StateTrace\Logs\Extracted\_unknown.log
[08:27:11.424] [Worker] Parsing: C:\Users\Werem\OneDrive\Documents\StateTrace\Logs\Extracted\WLLS-A05-AS-05.log
[08:27:11.429] [Worker] Parsing: C:\Users\Werem\OneDrive\Documents\StateTrace\Logs\Extracted\WLLS-A07-AS-07.log
[08:27:11.635] [Worker] Parsing complete: C:\Users\Werem\OneDrive\Documents\StateTrace\Logs\Extracted\WLLS-A02-AS-02.log
[08:27:11.677] [Worker] Parsing complete: C:\Users\Werem\OneDrive\Documents\StateTrace\Logs\Extracted\BOYO-A05-AS-02.log
[08:27:11.722] [Worker] Parsing complete: C:\Users\Werem\OneDrive\Documents\StateTrace\Logs\Extracted\WLLS-A03-AS-03.log
[08:27:11.954] [Worker] Parsing complete: C:\Users\Werem\OneDrive\Documents\StateTrace\Logs\Extracted\BOYO-A05-AS-05.log
[08:27:12.083] [Worker] Parsing complete: C:\Users\Werem\OneDrive\Documents\StateTrace\Logs\Extracted\WLLS-A01-AS-01.log
[08:27:12.161] [Worker] Parsing complete: C:\Users\Werem\OneDrive\Documents\StateTrace\Logs\Extracted\WLLS-A07-AS-07.log
[08:27:12.390] [Worker] Parsing complete: C:\Users\Werem\OneDrive\Documents\StateTrace\Logs\Extracted\WLLS-A05-AS-05.log
[10:43:12.557] [Worker] LangMode=FullLanguage | keyword_if_ok=True
[10:43:12.584] [Worker] LangMode=FullLanguage | keyword_if_ok=True
[10:43:12.875] [Worker] Parsing complete: C:\Users\Werem\OneDrive\Documents\StateTrace\Logs\Extracted\_unknown.log
[10:43:13.571] [Worker] Parsing complete: C:\Users\Werem\OneDrive\Documents\StateTrace\Logs\Extracted\BOYO-A05-AS-02.log
[10:43:13.782] [Worker] Parsing complete: C:\Users\Werem\OneDrive\Documents\StateTrace\Logs\Extracted\BOYO-A05-AS-05.log
[10:43:13.833] [Worker] Parsing complete: C:\Users\Werem\OneDrive\Documents\StateTrace\Logs\Extracted\WLLS-A03-AS-03.log
[10:43:13.920] [Worker] Parsing complete: C:\Users\Werem\OneDrive\Documents\StateTrace\Logs\Extracted\WLLS-A07-AS-07.log
[10:43:14.037] [Worker] Parsing complete: C:\Users\Werem\OneDrive\Documents\StateTrace\Logs\Extracted\WLLS-A01-AS-01.log
[10:43:14.155] [Worker] Parsing complete: C:\Users\Werem\OneDrive\Documents\StateTrace\Logs\Extracted\WLLS-A02-AS-02.log
[10:43:14.363] [Worker] Parsing complete: C:\Users\Werem\OneDrive\Documents\StateTrace\Logs\Extracted\WLLS-A05-AS-05.log
[10:48:02.205] [Worker] LangMode=FullLanguage | keyword_if_ok=True
[10:48:02.221] [Worker] LangMode=FullLanguage | keyword_if_ok=True
[10:48:02.241] [Worker] LangMode=FullLanguage | keyword_if_ok=True
[10:48:02.267] [Worker] LangMode=FullLanguage | keyword_if_ok=True
[10:48:02.296] [Worker] LangMode=FullLanguage | keyword_if_ok=True
[10:48:02.268] [Worker] Parsing: C:\Users\Werem\OneDrive\Documents\StateTrace\Logs\Extracted\BOYO-A05-AS-02.log
[10:48:02.405] [Worker] Parsing: C:\Users\Werem\OneDrive\Documents\StateTrace\Logs\Extracted\BOYO-A05-AS-05.log
[10:48:02.435] [Worker] Parsing: C:\Users\Werem\OneDrive\Documents\StateTrace\Logs\Extracted\WLLS-A01-AS-01.log
[10:48:02.529] [Worker] Parsing complete: C:\Users\Werem\OneDrive\Documents\StateTrace\Logs\Extracted\_unknown.log
[10:48:03.268] [Worker] Parsing complete: C:\Users\Werem\OneDrive\Documents\StateTrace\Logs\Extracted\BOYO-A05-AS-02.log
[10:48:03.471] [Worker] Parsing complete: C:\Users\Werem\OneDrive\Documents\StateTrace\Logs\Extracted\WLLS-A05-AS-05.log
[10:48:03.519] [Worker] Parsing complete: C:\Users\Werem\OneDrive\Documents\StateTrace\Logs\Extracted\WLLS-A03-AS-03.log
[10:48:03.640] [Worker] Parsing complete: C:\Users\Werem\OneDrive\Documents\StateTrace\Logs\Extracted\WLLS-A01-AS-01.log
[10:48:03.845] [Worker] Parsing complete: C:\Users\Werem\OneDrive\Documents\StateTrace\Logs\Extracted\BOYO-A05-AS-05.log
[10:48:03.925] [Worker] Parsing complete: C:\Users\Werem\OneDrive\Documents\StateTrace\Logs\Extracted\WLLS-A07-AS-07.log
[10:48:04.053] [Worker] Parsing complete: C:\Users\Werem\OneDrive\Documents\StateTrace\Logs\Extracted\WLLS-A02-AS-02.log
[10:57:57.164] [Worker] LangMode=FullLanguage | keyword_if_ok=True
[10:57:57.178] [Worker] LangMode=FullLanguage | keyword_if_ok=True
[10:57:57.184] [Worker] LangMode=FullLanguage | keyword_if_ok=True
[10:57:57.184] [Worker] LangMode=FullLanguage | keyword_if_ok=True
[10:57:57.225] [Worker] LangMode=FullLanguage | keyword_if_ok=True
[10:57:58.108] [Worker] Parsing complete: C:\Users\Werem\OneDrive\Documents\StateTrace\Logs\Extracted\WLLS-A03-AS-03.log
[10:57:58.142] [Worker] Parsing complete: C:\Users\Werem\OneDrive\Documents\StateTrace\Logs\Extracted\BOYO-A05-AS-02.log
[10:57:58.260] [Worker] Parsing complete: C:\Users\Werem\OneDrive\Documents\StateTrace\Logs\Extracted\WLLS-A01-AS-01.log
[10:57:58.376] [Worker] Parsing complete: C:\Users\Werem\OneDrive\Documents\StateTrace\Logs\Extracted\WLLS-A02-AS-02.log
[10:57:58.460] [Worker] Parsing complete: C:\Users\Werem\OneDrive\Documents\StateTrace\Logs\Extracted\WLLS-A07-AS-07.log
[10:57:58.671] [Worker] Parsing complete: C:\Users\Werem\OneDrive\Documents\StateTrace\Logs\Extracted\BOYO-A05-AS-05.log
[10:57:58.881] [Worker] Parsing complete: C:\Users\Werem\OneDrive\Documents\StateTrace\Logs\Extracted\WLLS-A05-AS-05.log
[11:05:51.822] [Worker] LangMode=FullLanguage | keyword_if_ok=True
[11:05:51.842] [Worker] LangMode=FullLanguage | keyword_if_ok=True
[11:05:51.854] [Worker] LangMode=FullLanguage | keyword_if_ok=True
[11:05:51.854] [Worker] LangMode=FullLanguage | keyword_if_ok=True
[11:05:51.914] [Worker] LangMode=FullLanguage | keyword_if_ok=True
[11:05:51.920] [Worker] Parsing: C:\Users\Werem\OneDrive\Documents\StateTrace\Logs\Extracted\BOYO-A05-AS-02.log
[11:05:51.909] [Worker] LangMode=FullLanguage | keyword_if_ok=True
[11:05:51.999] [Worker] Parsing: C:\Users\Werem\OneDrive\Documents\StateTrace\Logs\Extracted\WLLS-A02-AS-02.log
[11:05:52.015] [Worker] Parsing: C:\Users\Werem\OneDrive\Documents\StateTrace\Logs\Extracted\WLLS-A05-AS-05.log
[11:05:52.043] [Worker] Parsing: C:\Users\Werem\OneDrive\Documents\StateTrace\Logs\Extracted\WLLS-A01-AS-01.log
[11:05:52.132] [Worker] Parsing complete: C:\Users\Werem\OneDrive\Documents\StateTrace\Logs\Extracted\_unknown.log
[11:05:52.877] [Worker] Parsing complete: C:\Users\Werem\OneDrive\Documents\StateTrace\Logs\Extracted\WLLS-A07-AS-07.log
[11:05:52.911] [Worker] Parsing complete: C:\Users\Werem\OneDrive\Documents\StateTrace\Logs\Extracted\WLLS-A03-AS-03.log
[11:05:52.967] [Worker] Parsing complete: C:\Users\Werem\OneDrive\Documents\StateTrace\Logs\Extracted\BOYO-A05-AS-02.log
[11:05:53.184] [Worker] Parsing complete: C:\Users\Werem\OneDrive\Documents\StateTrace\Logs\Extracted\WLLS-A05-AS-05.log
[11:05:53.315] [Worker] Parsing complete: C:\Users\Werem\OneDrive\Documents\StateTrace\Logs\Extracted\WLLS-A01-AS-01.log
[11:05:53.444] [Worker] Parsing complete: C:\Users\Werem\OneDrive\Documents\StateTrace\Logs\Extracted\WLLS-A02-AS-02.log
[11:05:53.668] [Worker] Parsing complete: C:\Users\Werem\OneDrive\Documents\StateTrace\Logs\Extracted\BOYO-A05-AS-05.log
[11:10:10.743] [Worker] LangMode=FullLanguage | keyword_if_ok=True
[11:10:10.829] [Worker] LangMode=FullLanguage | keyword_if_ok=True
[11:10:10.829] [Worker] LangMode=FullLanguage | keyword_if_ok=True
[11:10:10.854] [Worker] LangMode=FullLanguage | keyword_if_ok=True
[11:10:10.854] [Worker] LangMode=FullLanguage | keyword_if_ok=True
[11:10:10.859] [Worker] LangMode=FullLanguage | keyword_if_ok=True
[11:10:10.899] [Worker] LangMode=FullLanguage | keyword_if_ok=True
[11:10:10.960] [Worker] Parsing: C:\Users\Werem\OneDrive\Documents\StateTrace\Logs\Extracted\BOYO-A05-AS-02.log
[11:10:10.996] [Worker] Parsing: C:\Users\Werem\OneDrive\Documents\StateTrace\Logs\Extracted\WLLS-A01-AS-01.log
[11:10:11.020] [Worker] Parsing: C:\Users\Werem\OneDrive\Documents\StateTrace\Logs\Extracted\BOYO-A05-AS-05.log
[11:10:11.033] [Worker] Parsing: C:\Users\Werem\OneDrive\Documents\StateTrace\Logs\Extracted\_unknown.log
[11:10:11.038] [Worker] Parsing: C:\Users\Werem\OneDrive\Documents\StateTrace\Logs\Extracted\WLLS-A02-AS-02.log
[11:10:11.052] [Worker] Parsing: C:\Users\Werem\OneDrive\Documents\StateTrace\Logs\Extracted\WLLS-A03-AS-03.log
[11:10:11.084] [Worker] Parsing: C:\Users\Werem\OneDrive\Documents\StateTrace\Logs\Extracted\WLLS-A05-AS-05.log
[11:10:11.091] [Worker] Parsing complete: C:\Users\Werem\OneDrive\Documents\StateTrace\Logs\Extracted\_unknown.log
[11:10:11.763] [Worker] Parsing complete: C:\Users\Werem\OneDrive\Documents\StateTrace\Logs\Extracted\BOYO-A05-AS-02.log
[11:10:11.964] [Worker] Parsing complete: C:\Users\Werem\OneDrive\Documents\StateTrace\Logs\Extracted\WLLS-A05-AS-05.log
[11:10:12.079] [Worker] Parsing complete: C:\Users\Werem\OneDrive\Documents\StateTrace\Logs\Extracted\WLLS-A02-AS-02.log
[11:10:12.201] [Worker] Parsing complete: C:\Users\Werem\OneDrive\Documents\StateTrace\Logs\Extracted\WLLS-A01-AS-01.log
[11:10:12.272] [Worker] Parsing complete: C:\Users\Werem\OneDrive\Documents\StateTrace\Logs\Extracted\WLLS-A07-AS-07.log
[11:10:12.470] [Worker] Parsing complete: C:\Users\Werem\OneDrive\Documents\StateTrace\Logs\Extracted\BOYO-A05-AS-05.log
[11:10:12.505] [Worker] Parsing complete: C:\Users\Werem\OneDrive\Documents\StateTrace\Logs\Extracted\WLLS-A03-AS-03.log
